2025-10-21 00:18:46,184 INFO o.a.j.u.JMeterUtils: Setting Locale to en_EN
2025-10-21 00:18:46,204 INFO o.a.j.JMeter: Loading user properties from: D:\Descargas\apache-jmeter-5.6.3\apache-jmeter-5.6.3\bin\user.properties
2025-10-21 00:18:46,205 INFO o.a.j.JMeter: Loading system properties from: D:\Descargas\apache-jmeter-5.6.3\apache-jmeter-5.6.3\bin\system.properties
2025-10-21 00:18:46,211 INFO o.a.j.JMeter: Copyright (c) 1998-2024 The Apache Software Foundation
2025-10-21 00:18:46,211 INFO o.a.j.JMeter: Version 5.6.3
2025-10-21 00:18:46,211 INFO o.a.j.JMeter: java.version=17.0.16
2025-10-21 00:18:46,211 INFO o.a.j.JMeter: java.vm.name=OpenJDK 64-Bit Server VM
2025-10-21 00:18:46,211 INFO o.a.j.JMeter: os.name=Windows 11
2025-10-21 00:18:46,217 INFO o.a.j.JMeter: os.arch=amd64
2025-10-21 00:18:46,217 INFO o.a.j.JMeter: os.version=10.0
2025-10-21 00:18:46,217 INFO o.a.j.JMeter: file.encoding=Cp1252
2025-10-21 00:18:46,217 INFO o.a.j.JMeter: java.awt.headless=true
2025-10-21 00:18:46,217 INFO o.a.j.JMeter: Max memory     =1073741824
2025-10-21 00:18:46,217 INFO o.a.j.JMeter: Available Processors =12
2025-10-21 00:18:46,227 INFO o.a.j.JMeter: Default Locale=English (EN)
2025-10-21 00:18:46,227 INFO o.a.j.JMeter: JMeter  Locale=English (EN)
2025-10-21 00:18:46,227 INFO o.a.j.JMeter: JMeterHome=D:\Descargas\apache-jmeter-5.6.3\apache-jmeter-5.6.3
2025-10-21 00:18:46,227 INFO o.a.j.JMeter: user.dir  =D:\SaborRealReact
2025-10-21 00:18:46,227 INFO o.a.j.JMeter: PWD       =D:\SaborRealReact
2025-10-21 00:18:46,239 INFO o.a.j.JMeter: IP: 192.168.1.45 Name: Crispita FullName: 192.168.1.45
2025-10-21 00:18:46,251 INFO o.a.j.JMeter: Setting property 'jmeter.reportgenerator.outputdir' to:'D:\SaborRealReact\.\evidencias\jmeter_report'
2025-10-21 00:18:46,255 INFO o.a.j.s.FileServer: Default base='D:\SaborRealReact'
2025-10-21 00:18:46,257 INFO o.a.j.s.FileServer: Set new base='D:\SaborRealReact\.\load\JMeter'
2025-10-21 00:18:46,421 INFO o.a.j.s.SaveService: Testplan (JMX) version: 2.2. Testlog (JTL) version: 2.2
2025-10-21 00:18:46,446 INFO o.a.j.s.SaveService: Using SaveService properties version 5.0
2025-10-21 00:18:46,449 INFO o.a.j.s.SaveService: Using SaveService properties file encoding UTF-8
2025-10-21 00:18:46,452 INFO o.a.j.s.SaveService: Loading file: .\load\JMeter\SaborReal_Load.jmx
2025-10-21 00:18:46,501 INFO o.a.j.p.h.c.CookieManager: Settings: Delete null: true Check: true Allow variable: true Save: false Prefix: COOKIE_
2025-10-21 00:18:46,526 INFO o.a.j.p.h.s.HTTPSamplerBase: Parser for text/html is org.apache.jmeter.protocol.http.parser.LagartoBasedHtmlParser
2025-10-21 00:18:46,526 INFO o.a.j.p.h.s.HTTPSamplerBase: Parser for application/xhtml+xml is org.apache.jmeter.protocol.http.parser.LagartoBasedHtmlParser
2025-10-21 00:18:46,527 INFO o.a.j.p.h.s.HTTPSamplerBase: Parser for application/xml is org.apache.jmeter.protocol.http.parser.LagartoBasedHtmlParser
2025-10-21 00:18:46,527 INFO o.a.j.p.h.s.HTTPSamplerBase: Parser for text/xml is org.apache.jmeter.protocol.http.parser.LagartoBasedHtmlParser
2025-10-21 00:18:46,527 INFO o.a.j.p.h.s.HTTPSamplerBase: Parser for text/vnd.wap.wml is org.apache.jmeter.protocol.http.parser.RegexpHTMLParser
2025-10-21 00:18:46,527 INFO o.a.j.p.h.s.HTTPSamplerBase: Parser for text/css is org.apache.jmeter.protocol.http.parser.CssParser
2025-10-21 00:18:46,563 INFO o.a.j.JMeter: Creating summariser <summary>
2025-10-21 00:18:46,566 INFO o.a.j.r.d.ReportGenerator: ReportGenerator will use for Parsing the separator: ','
2025-10-21 00:18:46,566 INFO o.a.j.r.d.ReportGenerator: Will generate report at end of test from  results file: .\evidencias\jmeter_results.jtl
2025-10-21 00:18:46,567 INFO o.a.j.r.d.ReportGenerator: Reading report generator properties from: D:\Descargas\apache-jmeter-5.6.3\apache-jmeter-5.6.3\bin\reportgenerator.properties
2025-10-21 00:18:46,567 INFO o.a.j.r.d.ReportGenerator: Merging with JMeter properties
2025-10-21 00:18:46,570 INFO o.a.j.r.c.ReportGeneratorConfiguration: Property 'jmeter.reportgenerator.temp_dir' not found, using default value 'temp' instead.
2025-10-21 00:18:46,572 INFO o.a.j.r.c.ReportGeneratorConfiguration: Property 'jmeter.reportgenerator.apdex_per_transaction' not found, using default value 'null' instead.
2025-10-21 00:18:46,572 INFO o.a.j.r.c.ReportGeneratorConfiguration: apdex_per_transaction is empty, not APDEX per transaction customization
2025-10-21 00:18:46,572 INFO o.a.j.r.c.ReportGeneratorConfiguration: Property 'jmeter.reportgenerator.sample_filter' not found, using default value 'null' instead.
2025-10-21 00:18:46,572 INFO o.a.j.r.c.ReportGeneratorConfiguration: Property 'jmeter.reportgenerator.report_title' not found, using default value 'null' instead.
2025-10-21 00:18:46,572 INFO o.a.j.r.c.ReportGeneratorConfiguration: Property 'jmeter.reportgenerator.start_date' not found, using default value 'null' instead.
2025-10-21 00:18:46,572 INFO o.a.j.r.c.ReportGeneratorConfiguration: Property 'jmeter.reportgenerator.end_date' not found, using default value 'null' instead.
2025-10-21 00:18:46,572 INFO o.a.j.r.c.ReportGeneratorConfiguration: Property 'jmeter.reportgenerator.date_format' not found, using default value 'null' instead.
2025-10-21 00:18:46,572 INFO o.a.j.r.c.ReportGeneratorConfiguration: Will use date range start date: null, end date: null
2025-10-21 00:18:46,576 INFO o.a.j.r.c.ReportGeneratorConfiguration: Property 'jmeter.reportgenerator.graph.totalTPS.exclude_controllers' not found, using default value 'false' instead.
2025-10-21 00:18:46,576 INFO o.a.j.r.c.ReportGeneratorConfiguration: Property 'jmeter.reportgenerator.graph.activeThreadsOverTime.exclude_controllers' not found, using default value 'false' instead.
2025-10-21 00:18:46,576 INFO o.a.j.r.c.ReportGeneratorConfiguration: Property 'jmeter.reportgenerator.graph.timeVsThreads.exclude_controllers' not found, using default value 'false' instead.
2025-10-21 00:18:46,576 INFO o.a.j.r.c.ReportGeneratorConfiguration: Property 'jmeter.reportgenerator.graph.responseTimeDistribution.exclude_controllers' not found, using default value 'false' instead.
2025-10-21 00:18:46,576 INFO o.a.j.r.c.ReportGeneratorConfiguration: Property 'jmeter.reportgenerator.graph.transactionsPerSecond.exclude_controllers' not found, using default value 'false' instead.
2025-10-21 00:18:46,576 INFO o.a.j.r.c.ReportGeneratorConfiguration: Property 'jmeter.reportgenerator.graph.responseTimePercentiles.exclude_controllers' not found, using default value 'false' instead.
2025-10-21 00:18:46,576 INFO o.a.j.r.c.ReportGeneratorConfiguration: Property 'jmeter.reportgenerator.graph.responseTimePercentilesOverTime.exclude_controllers' not found, using default value 'false' instead.
2025-10-21 00:18:46,576 INFO o.a.j.r.c.ReportGeneratorConfiguration: Property 'jmeter.reportgenerator.graph.responseTimesOverTime.exclude_controllers' not found, using default value 'false' instead.
2025-10-21 00:18:46,576 INFO o.a.j.r.c.ReportGeneratorConfiguration: Property 'jmeter.reportgenerator.graph.connectTimeOverTime.exclude_controllers' not found, using default value 'false' instead.
2025-10-21 00:18:46,576 INFO o.a.j.r.c.ReportGeneratorConfiguration: Property 'jmeter.reportgenerator.graph.latenciesOverTime.exclude_controllers' not found, using default value 'false' instead.
2025-10-21 00:18:46,577 INFO o.a.j.r.c.ReportGeneratorConfiguration: Property 'jmeter.reportgenerator.exporter.json.filters_only_sample_series' not found, using default value 'true' instead.
2025-10-21 00:18:46,577 INFO o.a.j.r.c.ReportGeneratorConfiguration: Property 'jmeter.reportgenerator.exporter.json.series_filter' not found, using default value '' instead.
2025-10-21 00:18:46,577 INFO o.a.j.r.c.ReportGeneratorConfiguration: Property 'jmeter.reportgenerator.exporter.json.show_controllers_only' not found, using default value 'false' instead.
2025-10-21 00:18:46,578 INFO o.a.j.r.c.ReportGeneratorConfiguration: Property 'jmeter.reportgenerator.exporter.html.filters_only_sample_series' not found, using default value 'true' instead.
2025-10-21 00:18:46,578 INFO o.a.j.r.c.ReportGeneratorConfiguration: Property 'jmeter.reportgenerator.exporter.html.series_filter' not found, using default value '' instead.
2025-10-21 00:18:46,578 INFO o.a.j.r.c.ReportGeneratorConfiguration: Property 'jmeter.reportgenerator.exporter.html.show_controllers_only' not found, using default value 'false' instead.
2025-10-21 00:18:46,587 INFO o.a.j.e.StandardJMeterEngine: Running the test!
2025-10-21 00:18:46,588 INFO o.a.j.s.SampleEvent: List of sample_variables: []
2025-10-21 00:18:46,588 INFO o.a.j.s.SampleEvent: List of sample_variables: []
2025-10-21 00:18:46,592 INFO o.a.j.e.u.CompoundVariable: Note: Function class names must contain the string: '.functions.'
2025-10-21 00:18:46,592 INFO o.a.j.e.u.CompoundVariable: Note: Function class names must not contain the string: '.gui.'
2025-10-21 00:18:46,680 INFO o.a.j.r.ResultCollector: Folder at D:\evidencias was created
2025-10-21 00:18:46,690 INFO o.a.j.JMeter: Running test (1761023926690)
2025-10-21 00:18:46,705 INFO o.a.j.e.StandardJMeterEngine: Starting ThreadGroup: 1 : Usuarios_basicos
2025-10-21 00:18:46,705 INFO o.a.j.e.StandardJMeterEngine: Starting 50 threads for group Usuarios_basicos.
2025-10-21 00:18:46,705 INFO o.a.j.e.StandardJMeterEngine: Thread will continue on error
2025-10-21 00:18:46,705 INFO o.a.j.t.ThreadGroup: Starting thread group... number=1 threads=50 ramp-up=30 delayedStart=false
2025-10-21 00:18:46,714 INFO o.a.j.t.JMeterThread: Thread started: Usuarios_basicos 1-1
2025-10-21 00:18:46,734 INFO o.a.j.t.ThreadGroup: Started thread group number 1
2025-10-21 00:18:46,734 INFO o.a.j.e.StandardJMeterEngine: All thread groups have been started
2025-10-21 00:18:47,032 INFO o.a.j.p.h.s.HTTPHCAbstractImpl: Local host = Crispita
2025-10-21 00:18:47,036 INFO o.a.j.p.h.s.HTTPHC4Impl: HTTP request retry count = 0
2025-10-21 00:18:47,037 INFO o.a.j.s.SampleResult: Note: Sample TimeStamps are START times
2025-10-21 00:18:47,037 INFO o.a.j.s.SampleResult: sampleresult.default.encoding is set to UTF-8
2025-10-21 00:18:47,037 INFO o.a.j.s.SampleResult: sampleresult.useNanoTime=true
2025-10-21 00:18:47,037 INFO o.a.j.s.SampleResult: sampleresult.nanoThreadSleep=5000
2025-10-21 00:18:47,309 INFO o.a.j.t.JMeterThread: Thread started: Usuarios_basicos 1-2
2025-10-21 00:18:47,908 INFO o.a.j.t.JMeterThread: Thread started: Usuarios_basicos 1-3
2025-10-21 00:18:47,947 INFO o.a.j.t.JMeterThread: Thread is done: Usuarios_basicos 1-1
2025-10-21 00:18:47,948 INFO o.a.j.t.JMeterThread: Thread finished: Usuarios_basicos 1-1
2025-10-21 00:18:48,470 INFO o.a.j.t.JMeterThread: Thread is done: Usuarios_basicos 1-2
2025-10-21 00:18:48,470 INFO o.a.j.t.JMeterThread: Thread finished: Usuarios_basicos 1-2
2025-10-21 00:18:48,507 INFO o.a.j.t.JMeterThread: Thread started: Usuarios_basicos 1-4
2025-10-21 00:18:49,043 INFO o.a.j.t.JMeterThread: Thread is done: Usuarios_basicos 1-3
2025-10-21 00:18:49,043 INFO o.a.j.t.JMeterThread: Thread finished: Usuarios_basicos 1-3
2025-10-21 00:18:49,106 INFO o.a.j.t.JMeterThread: Thread started: Usuarios_basicos 1-5
2025-10-21 00:18:49,668 INFO o.a.j.t.JMeterThread: Thread is done: Usuarios_basicos 1-4
2025-10-21 00:18:49,668 INFO o.a.j.t.JMeterThread: Thread finished: Usuarios_basicos 1-4
2025-10-21 00:18:49,708 INFO o.a.j.t.JMeterThread: Thread started: Usuarios_basicos 1-6
2025-10-21 00:18:50,237 INFO o.a.j.t.JMeterThread: Thread is done: Usuarios_basicos 1-5
2025-10-21 00:18:50,237 INFO o.a.j.t.JMeterThread: Thread finished: Usuarios_basicos 1-5
2025-10-21 00:18:50,308 INFO o.a.j.t.JMeterThread: Thread started: Usuarios_basicos 1-7
2025-10-21 00:18:50,840 INFO o.a.j.t.JMeterThread: Thread is done: Usuarios_basicos 1-6
2025-10-21 00:18:50,840 INFO o.a.j.t.JMeterThread: Thread finished: Usuarios_basicos 1-6
2025-10-21 00:18:50,907 INFO o.a.j.t.JMeterThread: Thread started: Usuarios_basicos 1-8
2025-10-21 00:18:51,448 INFO o.a.j.t.JMeterThread: Thread is done: Usuarios_basicos 1-7
2025-10-21 00:18:51,448 INFO o.a.j.t.JMeterThread: Thread finished: Usuarios_basicos 1-7
2025-10-21 00:18:51,509 INFO o.a.j.t.JMeterThread: Thread started: Usuarios_basicos 1-9
2025-10-21 00:18:52,034 INFO o.a.j.t.JMeterThread: Thread is done: Usuarios_basicos 1-8
2025-10-21 00:18:52,034 INFO o.a.j.t.JMeterThread: Thread finished: Usuarios_basicos 1-8
2025-10-21 00:18:52,107 INFO o.a.j.t.JMeterThread: Thread started: Usuarios_basicos 1-10
2025-10-21 00:18:52,631 INFO o.a.j.t.JMeterThread: Thread is done: Usuarios_basicos 1-9
2025-10-21 00:18:52,631 INFO o.a.j.t.JMeterThread: Thread finished: Usuarios_basicos 1-9
2025-10-21 00:18:52,705 INFO o.a.j.t.JMeterThread: Thread started: Usuarios_basicos 1-11
2025-10-21 00:18:53,222 INFO o.a.j.t.JMeterThread: Thread is done: Usuarios_basicos 1-10
2025-10-21 00:18:53,222 INFO o.a.j.t.JMeterThread: Thread finished: Usuarios_basicos 1-10
2025-10-21 00:18:53,305 INFO o.a.j.t.JMeterThread: Thread started: Usuarios_basicos 1-12
2025-10-21 00:18:53,823 INFO o.a.j.t.JMeterThread: Thread is done: Usuarios_basicos 1-11
2025-10-21 00:18:53,823 INFO o.a.j.t.JMeterThread: Thread finished: Usuarios_basicos 1-11
2025-10-21 00:18:53,907 INFO o.a.j.t.JMeterThread: Thread started: Usuarios_basicos 1-13
2025-10-21 00:18:54,444 INFO o.a.j.t.JMeterThread: Thread is done: Usuarios_basicos 1-12
2025-10-21 00:18:54,444 INFO o.a.j.t.JMeterThread: Thread finished: Usuarios_basicos 1-12
2025-10-21 00:18:54,517 INFO o.a.j.t.JMeterThread: Thread started: Usuarios_basicos 1-14
2025-10-21 00:18:55,050 INFO o.a.j.t.JMeterThread: Thread is done: Usuarios_basicos 1-13
2025-10-21 00:18:55,050 INFO o.a.j.t.JMeterThread: Thread finished: Usuarios_basicos 1-13
2025-10-21 00:18:55,105 INFO o.a.j.t.JMeterThread: Thread started: Usuarios_basicos 1-15
2025-10-21 00:18:55,646 INFO o.a.j.t.JMeterThread: Thread is done: Usuarios_basicos 1-14
2025-10-21 00:18:55,646 INFO o.a.j.t.JMeterThread: Thread finished: Usuarios_basicos 1-14
2025-10-21 00:18:55,706 INFO o.a.j.t.JMeterThread: Thread started: Usuarios_basicos 1-16
2025-10-21 00:18:56,223 INFO o.a.j.t.JMeterThread: Thread is done: Usuarios_basicos 1-15
2025-10-21 00:18:56,223 INFO o.a.j.t.JMeterThread: Thread finished: Usuarios_basicos 1-15
2025-10-21 00:18:56,305 INFO o.a.j.t.JMeterThread: Thread started: Usuarios_basicos 1-17
2025-10-21 00:18:56,825 INFO o.a.j.t.JMeterThread: Thread is done: Usuarios_basicos 1-16
2025-10-21 00:18:56,825 INFO o.a.j.t.JMeterThread: Thread finished: Usuarios_basicos 1-16
2025-10-21 00:18:56,907 INFO o.a.j.t.JMeterThread: Thread started: Usuarios_basicos 1-18
2025-10-21 00:18:57,435 INFO o.a.j.t.JMeterThread: Thread is done: Usuarios_basicos 1-17
2025-10-21 00:18:57,435 INFO o.a.j.t.JMeterThread: Thread finished: Usuarios_basicos 1-17
2025-10-21 00:18:57,507 INFO o.a.j.t.JMeterThread: Thread started: Usuarios_basicos 1-19
2025-10-21 00:18:58,033 INFO o.a.j.t.JMeterThread: Thread is done: Usuarios_basicos 1-18
2025-10-21 00:18:58,034 INFO o.a.j.t.JMeterThread: Thread finished: Usuarios_basicos 1-18
2025-10-21 00:18:58,105 INFO o.a.j.t.JMeterThread: Thread started: Usuarios_basicos 1-20
2025-10-21 00:18:58,629 INFO o.a.j.t.JMeterThread: Thread is done: Usuarios_basicos 1-19
2025-10-21 00:18:58,629 INFO o.a.j.t.JMeterThread: Thread finished: Usuarios_basicos 1-19
2025-10-21 00:18:58,706 INFO o.a.j.t.JMeterThread: Thread started: Usuarios_basicos 1-21
2025-10-21 00:18:59,222 INFO o.a.j.t.JMeterThread: Thread is done: Usuarios_basicos 1-20
2025-10-21 00:18:59,222 INFO o.a.j.t.JMeterThread: Thread finished: Usuarios_basicos 1-20
2025-10-21 00:18:59,307 INFO o.a.j.t.JMeterThread: Thread started: Usuarios_basicos 1-22
2025-10-21 00:18:59,821 INFO o.a.j.t.JMeterThread: Thread is done: Usuarios_basicos 1-21
2025-10-21 00:18:59,821 INFO o.a.j.t.JMeterThread: Thread finished: Usuarios_basicos 1-21
2025-10-21 00:18:59,907 INFO o.a.j.t.JMeterThread: Thread started: Usuarios_basicos 1-23
2025-10-21 00:19:00,128 INFO o.a.j.r.Summariser: summary +     65 in 00:00:13 =    4.8/s Avg:    73 Min:     3 Max:   234 Err:     0 (0.00%) Active: 2 Started: 23 Finished: 21
2025-10-21 00:19:00,434 INFO o.a.j.t.JMeterThread: Thread is done: Usuarios_basicos 1-22
2025-10-21 00:19:00,434 INFO o.a.j.t.JMeterThread: Thread finished: Usuarios_basicos 1-22
2025-10-21 00:19:00,507 INFO o.a.j.t.JMeterThread: Thread started: Usuarios_basicos 1-24
2025-10-21 00:19:01,024 INFO o.a.j.t.JMeterThread: Thread is done: Usuarios_basicos 1-23
2025-10-21 00:19:01,024 INFO o.a.j.t.JMeterThread: Thread finished: Usuarios_basicos 1-23
2025-10-21 00:19:01,105 INFO o.a.j.t.JMeterThread: Thread started: Usuarios_basicos 1-25
2025-10-21 00:19:01,637 INFO o.a.j.t.JMeterThread: Thread is done: Usuarios_basicos 1-24
2025-10-21 00:19:01,637 INFO o.a.j.t.JMeterThread: Thread finished: Usuarios_basicos 1-24
2025-10-21 00:19:01,706 INFO o.a.j.t.JMeterThread: Thread started: Usuarios_basicos 1-26
2025-10-21 00:19:02,220 INFO o.a.j.t.JMeterThread: Thread is done: Usuarios_basicos 1-25
2025-10-21 00:19:02,220 INFO o.a.j.t.JMeterThread: Thread finished: Usuarios_basicos 1-25
2025-10-21 00:19:02,306 INFO o.a.j.t.JMeterThread: Thread started: Usuarios_basicos 1-27
2025-10-21 00:19:02,841 INFO o.a.j.t.JMeterThread: Thread is done: Usuarios_basicos 1-26
2025-10-21 00:19:02,841 INFO o.a.j.t.JMeterThread: Thread finished: Usuarios_basicos 1-26
2025-10-21 00:19:02,905 INFO o.a.j.t.JMeterThread: Thread started: Usuarios_basicos 1-28
2025-10-21 00:19:03,435 INFO o.a.j.t.JMeterThread: Thread is done: Usuarios_basicos 1-27
2025-10-21 00:19:03,436 INFO o.a.j.t.JMeterThread: Thread finished: Usuarios_basicos 1-27
2025-10-21 00:19:03,506 INFO o.a.j.t.JMeterThread: Thread started: Usuarios_basicos 1-29
2025-10-21 00:19:04,019 INFO o.a.j.t.JMeterThread: Thread is done: Usuarios_basicos 1-28
2025-10-21 00:19:04,019 INFO o.a.j.t.JMeterThread: Thread finished: Usuarios_basicos 1-28
2025-10-21 00:19:04,106 INFO o.a.j.t.JMeterThread: Thread started: Usuarios_basicos 1-30
2025-10-21 00:19:04,625 INFO o.a.j.t.JMeterThread: Thread is done: Usuarios_basicos 1-29
2025-10-21 00:19:04,625 INFO o.a.j.t.JMeterThread: Thread finished: Usuarios_basicos 1-29
2025-10-21 00:19:04,706 INFO o.a.j.t.JMeterThread: Thread started: Usuarios_basicos 1-31
2025-10-21 00:19:05,218 INFO o.a.j.t.JMeterThread: Thread is done: Usuarios_basicos 1-30
2025-10-21 00:19:05,218 INFO o.a.j.t.JMeterThread: Thread finished: Usuarios_basicos 1-30
2025-10-21 00:19:05,307 INFO o.a.j.t.JMeterThread: Thread started: Usuarios_basicos 1-32
2025-10-21 00:19:05,836 INFO o.a.j.t.JMeterThread: Thread is done: Usuarios_basicos 1-31
2025-10-21 00:19:05,836 INFO o.a.j.t.JMeterThread: Thread finished: Usuarios_basicos 1-31
2025-10-21 00:19:05,906 INFO o.a.j.t.JMeterThread: Thread started: Usuarios_basicos 1-33
2025-10-21 00:19:06,440 INFO o.a.j.t.JMeterThread: Thread is done: Usuarios_basicos 1-32
2025-10-21 00:19:06,440 INFO o.a.j.t.JMeterThread: Thread finished: Usuarios_basicos 1-32
2025-10-21 00:19:06,506 INFO o.a.j.t.JMeterThread: Thread started: Usuarios_basicos 1-34
2025-10-21 00:19:07,062 INFO o.a.j.t.JMeterThread: Thread is done: Usuarios_basicos 1-33
2025-10-21 00:19:07,062 INFO o.a.j.t.JMeterThread: Thread finished: Usuarios_basicos 1-33
2025-10-21 00:19:07,105 INFO o.a.j.t.JMeterThread: Thread started: Usuarios_basicos 1-35
2025-10-21 00:19:07,621 INFO o.a.j.t.JMeterThread: Thread is done: Usuarios_basicos 1-34
2025-10-21 00:19:07,621 INFO o.a.j.t.JMeterThread: Thread finished: Usuarios_basicos 1-34
2025-10-21 00:19:07,707 INFO o.a.j.t.JMeterThread: Thread started: Usuarios_basicos 1-36
2025-10-21 00:19:08,221 INFO o.a.j.t.JMeterThread: Thread is done: Usuarios_basicos 1-35
2025-10-21 00:19:08,221 INFO o.a.j.t.JMeterThread: Thread finished: Usuarios_basicos 1-35
2025-10-21 00:19:08,305 INFO o.a.j.t.JMeterThread: Thread started: Usuarios_basicos 1-37
2025-10-21 00:19:08,845 INFO o.a.j.t.JMeterThread: Thread is done: Usuarios_basicos 1-36
2025-10-21 00:19:08,845 INFO o.a.j.t.JMeterThread: Thread finished: Usuarios_basicos 1-36
2025-10-21 00:19:08,906 INFO o.a.j.t.JMeterThread: Thread started: Usuarios_basicos 1-38
2025-10-21 00:19:09,428 INFO o.a.j.t.JMeterThread: Thread is done: Usuarios_basicos 1-37
2025-10-21 00:19:09,428 INFO o.a.j.t.JMeterThread: Thread finished: Usuarios_basicos 1-37
2025-10-21 00:19:09,507 INFO o.a.j.t.JMeterThread: Thread started: Usuarios_basicos 1-39
2025-10-21 00:19:10,023 INFO o.a.j.t.JMeterThread: Thread is done: Usuarios_basicos 1-38
2025-10-21 00:19:10,023 INFO o.a.j.t.JMeterThread: Thread finished: Usuarios_basicos 1-38
2025-10-21 00:19:10,110 INFO o.a.j.t.JMeterThread: Thread started: Usuarios_basicos 1-40
2025-10-21 00:19:10,644 INFO o.a.j.t.JMeterThread: Thread is done: Usuarios_basicos 1-39
2025-10-21 00:19:10,644 INFO o.a.j.t.JMeterThread: Thread finished: Usuarios_basicos 1-39
2025-10-21 00:19:10,719 INFO o.a.j.t.JMeterThread: Thread started: Usuarios_basicos 1-41
2025-10-21 00:19:11,252 INFO o.a.j.t.JMeterThread: Thread is done: Usuarios_basicos 1-40
2025-10-21 00:19:11,252 INFO o.a.j.t.JMeterThread: Thread finished: Usuarios_basicos 1-40
2025-10-21 00:19:11,306 INFO o.a.j.t.JMeterThread: Thread started: Usuarios_basicos 1-42
2025-10-21 00:19:11,856 INFO o.a.j.t.JMeterThread: Thread is done: Usuarios_basicos 1-41
2025-10-21 00:19:11,856 INFO o.a.j.t.JMeterThread: Thread finished: Usuarios_basicos 1-41
2025-10-21 00:19:11,914 INFO o.a.j.t.JMeterThread: Thread started: Usuarios_basicos 1-43
2025-10-21 00:19:12,446 INFO o.a.j.t.JMeterThread: Thread is done: Usuarios_basicos 1-42
2025-10-21 00:19:12,446 INFO o.a.j.t.JMeterThread: Thread finished: Usuarios_basicos 1-42
2025-10-21 00:19:12,520 INFO o.a.j.t.JMeterThread: Thread started: Usuarios_basicos 1-44
2025-10-21 00:19:13,055 INFO o.a.j.t.JMeterThread: Thread is done: Usuarios_basicos 1-43
2025-10-21 00:19:13,055 INFO o.a.j.t.JMeterThread: Thread finished: Usuarios_basicos 1-43
2025-10-21 00:19:13,112 INFO o.a.j.t.JMeterThread: Thread started: Usuarios_basicos 1-45
2025-10-21 00:19:13,662 INFO o.a.j.t.JMeterThread: Thread is done: Usuarios_basicos 1-44
2025-10-21 00:19:13,662 INFO o.a.j.t.JMeterThread: Thread finished: Usuarios_basicos 1-44
2025-10-21 00:19:13,719 INFO o.a.j.t.JMeterThread: Thread started: Usuarios_basicos 1-46
2025-10-21 00:19:14,278 INFO o.a.j.t.JMeterThread: Thread is done: Usuarios_basicos 1-45
2025-10-21 00:19:14,278 INFO o.a.j.t.JMeterThread: Thread finished: Usuarios_basicos 1-45
2025-10-21 00:19:14,321 INFO o.a.j.t.JMeterThread: Thread started: Usuarios_basicos 1-47
2025-10-21 00:19:14,870 INFO o.a.j.t.JMeterThread: Thread is done: Usuarios_basicos 1-46
2025-10-21 00:19:14,870 INFO o.a.j.t.JMeterThread: Thread finished: Usuarios_basicos 1-46
2025-10-21 00:19:14,912 INFO o.a.j.t.JMeterThread: Thread started: Usuarios_basicos 1-48
2025-10-21 00:19:15,478 INFO o.a.j.t.JMeterThread: Thread is done: Usuarios_basicos 1-47
2025-10-21 00:19:15,478 INFO o.a.j.t.JMeterThread: Thread finished: Usuarios_basicos 1-47
2025-10-21 00:19:15,506 INFO o.a.j.t.JMeterThread: Thread started: Usuarios_basicos 1-49
2025-10-21 00:19:16,068 INFO o.a.j.t.JMeterThread: Thread is done: Usuarios_basicos 1-48
2025-10-21 00:19:16,068 INFO o.a.j.t.JMeterThread: Thread finished: Usuarios_basicos 1-48
2025-10-21 00:19:16,110 INFO o.a.j.t.JMeterThread: Thread started: Usuarios_basicos 1-50
2025-10-21 00:19:16,656 INFO o.a.j.t.JMeterThread: Thread is done: Usuarios_basicos 1-49
2025-10-21 00:19:16,656 INFO o.a.j.t.JMeterThread: Thread finished: Usuarios_basicos 1-49
2025-10-21 00:19:17,249 INFO o.a.j.t.JMeterThread: Thread is done: Usuarios_basicos 1-50
2025-10-21 00:19:17,249 INFO o.a.j.t.JMeterThread: Thread finished: Usuarios_basicos 1-50
2025-10-21 00:19:17,250 INFO o.a.j.e.StandardJMeterEngine: Notifying test listeners of end of test
2025-10-21 00:19:17,250 INFO o.a.j.r.Summariser: summary +     85 in 00:00:17 =    5.0/s Avg:    70 Min:     3 Max:   230 Err:     0 (0.00%) Active: 0 Started: 50 Finished: 50
2025-10-21 00:19:17,251 INFO o.a.j.r.Summariser: summary =    150 in 00:00:31 =    4.9/s Avg:    72 Min:     3 Max:   234 Err:     0 (0.00%)
2025-10-21 00:19:17,251 INFO o.a.j.JMeter: Generating Dashboard
2025-10-21 00:19:17,251 INFO o.a.j.r.d.ReportGenerator: Flushing result collector before report Generation
2025-10-21 00:19:17,278 INFO o.a.j.r.p.NormalizerSampleConsumer: Using format, 'ms', to parse timeStamp field
2025-10-21 00:19:17,387 INFO o.a.j.r.p.AbstractSampleConsumer: class org.apache.jmeter.report.processor.AggregateConsumer#stopProducing(): beginDate produced 0 samples
2025-10-21 00:19:17,387 INFO o.a.j.r.p.AbstractSampleConsumer: class org.apache.jmeter.report.processor.AggregateConsumer#stopProducing(): endDate produced 0 samples
2025-10-21 00:19:17,390 INFO o.a.j.r.p.AbstractSampleConsumer: class org.apache.jmeter.report.processor.ApdexSummaryConsumer#stopProducing(): apdexSummary produced 0 samples
2025-10-21 00:19:17,390 INFO o.a.j.r.p.AbstractSampleConsumer: class org.apache.jmeter.report.processor.RequestsSummaryConsumer#stopProducing(): requestsSummary produced 0 samples
2025-10-21 00:19:17,394 INFO o.a.j.r.p.AbstractSampleConsumer: class org.apache.jmeter.report.processor.StatisticsSummaryConsumer#stopProducing(): statisticsSummary produced 0 samples
2025-10-21 00:19:17,396 INFO o.a.j.r.p.AbstractSampleConsumer: class org.apache.jmeter.report.processor.Top5ErrorsBySamplerConsumer#stopProducing(): top5ErrorsBySampler produced 0 samples
2025-10-21 00:19:17,396 INFO o.a.j.r.p.AbstractSampleConsumer: class org.apache.jmeter.report.processor.ErrorsSummaryConsumer#stopProducing(): errorsSummary produced 0 samples
2025-10-21 00:19:17,396 INFO o.a.j.r.p.AbstractSampleConsumer: class org.apache.jmeter.report.processor.graph.impl.HitsPerSecondGraphConsumer#stopProducing(): hitsPerSecond produced 0 samples
2025-10-21 00:19:17,435 INFO o.a.j.r.p.AbstractSampleConsumer: class org.apache.jmeter.report.processor.graph.impl.LatencyVSRequestGraphConsumer#stopProducing(): latencyVsRequest produced 0 samples
2025-10-21 00:19:17,435 INFO o.a.j.r.p.AbstractSampleConsumer: class org.apache.jmeter.report.processor.graph.impl.SyntheticResponseTimeDistributionGraphConsumer#stopProducing(): syntheticResponseTimeDistribution produced 0 samples
2025-10-21 00:19:17,435 INFO o.a.j.r.p.AbstractSampleConsumer: class org.apache.jmeter.report.processor.graph.impl.BytesThroughputGraphConsumer#stopProducing(): bytesThroughputOverTime produced 0 samples
2025-10-21 00:19:17,436 INFO o.a.j.r.p.AbstractSampleConsumer: class org.apache.jmeter.report.processor.graph.impl.CodesPerSecondGraphConsumer#stopProducing(): codesPerSecond produced 0 samples
2025-10-21 00:19:17,457 INFO o.a.j.r.p.AbstractSampleConsumer: class org.apache.jmeter.report.processor.graph.impl.ResponseTimeVSRequestGraphConsumer#stopProducing(): responseTimeVsRequest produced 0 samples
2025-10-21 00:19:17,457 INFO o.a.j.r.p.AbstractSampleConsumer: class org.apache.jmeter.report.processor.FilterConsumer#stopProducing(): startIntervalControlerFilter produced 1050 samples
2025-10-21 00:19:17,457 INFO o.a.j.r.p.AbstractSampleConsumer: class org.apache.jmeter.report.processor.graph.impl.TotalTPSGraphConsumer#stopProducing(): totalTPS produced 0 samples
2025-10-21 00:19:17,458 INFO o.a.j.r.p.AbstractSampleConsumer: class org.apache.jmeter.report.processor.graph.impl.ActiveThreadsGraphConsumer#stopProducing(): activeThreadsOverTime produced 0 samples
2025-10-21 00:19:17,458 INFO o.a.j.r.p.AbstractSampleConsumer: class org.apache.jmeter.report.processor.graph.impl.TimeVSThreadGraphConsumer#stopProducing(): timeVsThreads produced 0 samples
2025-10-21 00:19:17,458 INFO o.a.j.r.p.AbstractSampleConsumer: class org.apache.jmeter.report.processor.graph.impl.ResponseTimeDistributionGraphConsumer#stopProducing(): responseTimeDistribution produced 0 samples
2025-10-21 00:19:17,458 INFO o.a.j.r.p.AbstractSampleConsumer: class org.apache.jmeter.report.processor.graph.impl.TransactionsPerSecondGraphConsumer#stopProducing(): transactionsPerSecond produced 0 samples
2025-10-21 00:19:17,458 INFO o.a.j.r.p.AbstractSampleConsumer: class org.apache.jmeter.report.processor.graph.impl.ResponseTimePercentilesGraphConsumer#stopProducing(): responseTimePercentiles produced 0 samples
2025-10-21 00:19:17,459 INFO o.a.j.r.p.AbstractSampleConsumer: class org.apache.jmeter.report.processor.graph.impl.ResponseTimePercentilesOverTimeGraphConsumer#stopProducing(): responseTimePercentilesOverTime produced 0 samples
2025-10-21 00:19:17,460 INFO o.a.j.r.p.AbstractSampleConsumer: class org.apache.jmeter.report.processor.graph.impl.ResponseTimeOverTimeGraphConsumer#stopProducing(): responseTimesOverTime produced 0 samples
2025-10-21 00:19:17,460 INFO o.a.j.r.p.AbstractSampleConsumer: class org.apache.jmeter.report.processor.graph.impl.ConnectTimeOverTimeGraphConsumer#stopProducing(): connectTimeOverTime produced 0 samples
2025-10-21 00:19:17,460 INFO o.a.j.r.p.AbstractSampleConsumer: class org.apache.jmeter.report.processor.graph.impl.LatencyOverTimeGraphConsumer#stopProducing(): latenciesOverTime produced 0 samples
2025-10-21 00:19:17,460 INFO o.a.j.r.p.AbstractSampleConsumer: class org.apache.jmeter.report.processor.FilterConsumer#stopProducing(): nameFilter produced 2250 samples
2025-10-21 00:19:17,460 INFO o.a.j.r.p.AbstractSampleConsumer: class org.apache.jmeter.report.processor.FilterConsumer#stopProducing(): dateRangeFilter produced 450 samples
2025-10-21 00:19:17,460 INFO o.a.j.r.p.AbstractSampleConsumer: class org.apache.jmeter.report.processor.NormalizerSampleConsumer#stopProducing(): normalizer produced 150 samples
2025-10-21 00:19:17,461 INFO o.a.j.r.p.CsvFileSampleSource: produce(): 150 samples produced in 163ms on channel 0
2025-10-21 00:19:17,461 INFO o.a.j.r.d.ReportGenerator: Exporting data using exporter:'json' of className:'org.apache.jmeter.report.dashboard.JsonExporter'
2025-10-21 00:19:17,562 INFO o.a.j.r.d.JsonExporter: Found data for consumer statisticsSummary in context
2025-10-21 00:19:17,562 INFO o.a.j.r.d.JsonExporter: Creating statistics for overall
2025-10-21 00:19:17,564 INFO o.a.j.r.d.JsonExporter: Creating statistics for other transactions
2025-10-21 00:19:17,564 INFO o.a.j.r.d.JsonExporter: Checking output folder
2025-10-21 00:19:17,565 INFO o.a.j.r.d.JsonExporter: Writing statistics JSON to D:\SaborRealReact\.\evidencias\jmeter_report\statistics.json
2025-10-21 00:19:17,609 INFO o.a.j.r.d.ReportGenerator: Exporting data using exporter:'html' of className:'org.apache.jmeter.report.dashboard.HtmlTemplateExporter'
2025-10-21 00:19:17,611 INFO o.a.j.r.d.HtmlTemplateExporter: Will generate dashboard in folder: D:\SaborRealReact\.\evidencias\jmeter_report
2025-10-21 00:19:17,722 INFO o.a.j.r.d.HtmlTemplateExporter: Report will be generated in: D:\SaborRealReact\.\evidencias\jmeter_report, creating folder structure
2025-10-21 00:19:17,723 INFO o.a.j.r.d.TemplateVisitor: Copying folder from 'D:\Descargas\apache-jmeter-5.6.3\apache-jmeter-5.6.3\bin\report-template' to 'D:\SaborRealReact\.\evidencias\jmeter_report', got message: D:\SaborRealReact\.\evidencias\jmeter_report, found non empty folder with following content [D:\SaborRealReact\.\evidencias\jmeter_report\statistics.json], will be ignored
2025-10-21 00:19:18,046 INFO o.a.j.JMeter: Dashboard generated
